2022-05-11 03:03:42.666 *****************************************************************************************************
2022-05-11 03:03:42.666 *************************************** Execute Tests ***********************************************
2022-05-11 03:03:42.666  *****************************************************************************************************
2022-05-11 03:03:42.666 Run Started at : 2022-05-11 15:03:42.666648
2022-05-11 03:03:42.666  
2022-05-11 03:03:42.666  
2022-05-11 03:03:42.666 ************************************ Running SFTP File Tests *************************************
2022-05-11 03:03:42.666  
2022-05-11 03:03:42.666 Run Configuration information follows
2022-05-11 03:03:42.666  
2022-05-11 03:03:42.666 Test Target  : http://test_url
2022-05-11 03:03:42.666 Hi
2022-05-11 03:03:42.666 How are you?
2022-05-11 03:03:42.666 Exceptional warning
2022-05-11 03:03:42.666 Exceptional error
2022-05-11 03:03:43.671 Hi
2022-05-11 03:03:43.671 How are you?
2022-05-11 03:03:43.671 Exceptional warning
2022-05-11 03:03:43.671 Exceptional error
2022-05-11 03:03:45.672 Hi
2022-05-11 03:03:45.672 How are you?
2022-05-11 03:03:45.672 Exceptional warning
2022-05-11 03:03:45.672 Exceptional error
2022-05-11 03:03:48.673 Hi
2022-05-11 03:03:48.673 How are you?
2022-05-11 03:03:48.674 Exceptional warning
2022-05-11 03:03:48.674 Exceptional error
2022-05-11 03:03:52.690 Hi
2022-05-11 03:03:52.691 How are you?
2022-05-11 03:03:52.691 Exceptional warning
2022-05-11 03:03:52.691 Exceptional error
2022-05-11 03:03:57.706 Hi
2022-05-11 03:03:57.707 How are you?
2022-05-11 03:03:57.707 Exceptional warning
2022-05-11 03:03:57.707 Exceptional error
2022-05-11 03:04:03.722 Hi
2022-05-11 03:04:03.723 How are you?
2022-05-11 03:04:03.724 Exceptional warning
2022-05-11 03:04:03.724 Exceptional error
2022-05-11 03:04:10.740 Hi
2022-05-11 03:04:10.741 How are you?
2022-05-11 03:04:10.741 Exceptional warning
2022-05-11 03:04:10.741 Exceptional error
2022-05-11 03:04:18.756 Hi
2022-05-11 03:04:18.756 How are you?
2022-05-11 03:04:18.757 Exceptional warning
2022-05-11 03:04:18.757 Exceptional error
2022-05-11 03:04:27.774 Hi
2022-05-11 03:04:27.774 How are you?
2022-05-11 03:04:27.774 Exceptional warning
2022-05-11 03:04:27.774 Exceptional error
2022-05-11 03:04:27.775 ********************************************** Run Complete ******************************************
2022-05-11 03:04:27.775 Starttime : 2022-05-11 15:03:42.666648 Endtime : 2022-05-11 15:04:27.775246
